e:\projects\om\upper computer operate\code\om\debug\mythread.obj
e:\projects\om\upper computer operate\code\om\debug\mycamera.obj
e:\projects\om\upper computer operate\code\om\debug\cmyini.obj
e:\projects\om\upper computer operate\code\om\debug\relaycontrol.obj
e:\projects\om\upper computer operate\code\om\debug\main.obj
e:\projects\om\upper computer operate\code\om\debug\om.obj
e:\projects\om\upper computer operate\code\om\debug\vc142.pdb
e:\projects\om\upper computer operate\code\om\debug\moc_mythread.obj
e:\projects\om\upper computer operate\code\om\debug\moc_relaycontrol.obj
e:\projects\om\upper computer operate\code\om\debug\qrc_om.obj
e:\projects\om\upper computer operate\code\om\debug\moc_om.obj
e:\projects\om\upper computer operate\code\debug\om.ilk
e:\projects\om\upper computer operate\code\debug\om.exe
e:\projects\om\upper computer operate\code\debug\om.pdb
e:\projects\om\upper computer operate\code\om\debug\\moc\moc_om.cpp
e:\projects\om\upper computer operate\code\om\debug\\moc\moc_mythread.cpp
e:\projects\om\upper computer operate\code\om\debug\\moc\moc_relaycontrol.cpp
e:\projects\om\upper computer operate\code\om\debug\moc\moc_om.cpp
e:\projects\om\upper computer operate\code\om\debug\uic\ui_om.h
e:\projects\om\upper computer operate\code\om\debug\uic\ui_relaycontrol.h
e:\projects\om\upper computer operate\code\om\debug\rcc\qrc_om.cpp
e:\projects\om\upper computer operate\code\om\debug\moc\moc_mythread.cpp
e:\projects\om\upper computer operate\code\om\debug\moc\moc_relaycontrol.cpp
e:\projects\om\upper computer operate\code\om\debug\\rcc\qrc_om.cpp
e:\projects\om\upper computer operate\code\om\debug\\uic\ui_om.h
e:\projects\om\upper computer operate\code\om\debug\\uic\ui_relaycontrol.h
e:\projects\om\upper computer operate\code\om\debug\om.tlog\cl.10320.write.1.tlog
e:\projects\om\upper computer operate\code\om\debug\om.tlog\cl.command.1.tlog
e:\projects\om\upper computer operate\code\om\debug\om.tlog\cl.read.1.tlog
e:\projects\om\upper computer operate\code\om\debug\om.tlog\link.command.1.tlog
e:\projects\om\upper computer operate\code\om\debug\om.tlog\link.read.1.tlog
e:\projects\om\upper computer operate\code\om\debug\om.tlog\link.write.1.tlog
e:\projects\om\upper computer operate\code\om\debug\om.tlog\moc.read.1u.tlog
e:\projects\om\upper computer operate\code\om\debug\om.tlog\moc.write.1u.tlog
e:\projects\om\upper computer operate\code\om\debug\om.tlog\om.write.1u.tlog
e:\projects\om\upper computer operate\code\om\debug\om.tlog\rcc.read.1u.tlog
e:\projects\om\upper computer operate\code\om\debug\om.tlog\rcc.write.1u.tlog
e:\projects\om\upper computer operate\code\om\debug\om.tlog\uic.read.1u.tlog
e:\projects\om\upper computer operate\code\om\debug\om.tlog\uic.write.1u.tlog
