e:\projects\om\code\om\release\main.obj
e:\projects\om\code\om\release\relaycontrol.obj
e:\projects\om\code\om\release\om.obj
e:\projects\om\code\om\release\cmyini.obj
e:\projects\om\code\om\release\zaoyan.obj
e:\projects\om\code\om\release\graphbase.obj
e:\projects\om\code\om\release\tongqian.obj
e:\projects\om\code\om\release\znmozu.obj
e:\projects\om\code\om\release\mycamera.obj
e:\projects\om\code\om\release\tongyang.obj
e:\projects\om\code\om\release\nipao.obj
e:\projects\om\code\om\release\zaoyanc.obj
e:\projects\om\code\om\release\mythread.obj
e:\projects\om\code\om\release\moc_tongqian.obj
e:\projects\om\code\om\release\moc_zaoyan.obj
e:\projects\om\code\om\release\moc_znmozu.obj
e:\projects\om\code\om\release\moc_zaoyanc.obj
e:\projects\om\code\om\release\moc_om.obj
e:\projects\om\code\om\release\moc_tongyang.obj
e:\projects\om\code\om\release\qrc_om.obj
e:\projects\om\code\om\release\moc_mythread.obj
e:\projects\om\code\om\release\moc_relaycontrol.obj
e:\projects\om\code\om\release\moc_nipao.obj
e:\projects\om\upper computer operate\code\om\release\mythread.obj
e:\projects\om\upper computer operate\code\om\release\graphbase.obj
e:\projects\om\upper computer operate\code\om\release\om.obj
e:\projects\om\upper computer operate\code\om\release\main.obj
e:\projects\om\upper computer operate\code\om\release\relaycontrol.obj
e:\projects\om\upper computer operate\code\om\release\cmyini.obj
e:\projects\om\upper computer operate\code\om\release\mycamera.obj
e:\projects\om\upper computer operate\code\om\release\qrc_om.obj
e:\projects\om\upper computer operate\code\om\release\moc_relaycontrol.obj
e:\projects\om\upper computer operate\code\om\release\moc_mythread.obj
e:\projects\om\upper computer operate\code\om\release\moc_om.obj
e:\projects\om\code\release\om.exe
e:\projects\om\upper computer operate\code\release\om.exe
e:\projects\om\upper computer operate\code\om\release\\moc\moc_om.cpp
e:\projects\om\upper computer operate\code\om\release\\moc\moc_mythread.cpp
e:\projects\om\upper computer operate\code\om\release\\moc\moc_relaycontrol.cpp
e:\projects\om\code\om\release\uic\ui_nipao.h
e:\projects\om\code\om\release\uic\ui_om.h
e:\projects\om\code\om\release\uic\ui_relaycontrol.h
e:\projects\om\code\om\release\uic\ui_tongqian.h
e:\projects\om\code\om\release\uic\ui_tongyang.h
e:\projects\om\code\om\release\uic\ui_zaoyan.h
e:\projects\om\code\om\release\uic\ui_zaoyanc.h
e:\projects\om\code\om\release\uic\ui_znmozu.h
e:\projects\om\code\om\release\rcc\qrc_om.cpp
e:\projects\om\code\om\release\moc\moc_om.cpp
e:\projects\om\code\om\release\moc\moc_mythread.cpp
e:\projects\om\code\om\release\moc\moc_zaoyanc.cpp
e:\projects\om\code\om\release\moc\moc_znmozu.cpp
e:\projects\om\code\om\release\moc\moc_tongyang.cpp
e:\projects\om\code\om\release\moc\moc_nipao.cpp
e:\projects\om\code\om\release\moc\moc_tongqian.cpp
e:\projects\om\code\om\release\moc\moc_zaoyan.cpp
e:\projects\om\code\om\release\moc\moc_relaycontrol.cpp
e:\projects\om\upper computer operate\code\om\release\uic\ui_om.h
e:\projects\om\upper computer operate\code\om\release\uic\ui_relaycontrol.h
e:\projects\om\upper computer operate\code\om\release\rcc\qrc_om.cpp
e:\projects\om\upper computer operate\code\om\release\moc\moc_om.cpp
e:\projects\om\upper computer operate\code\om\release\moc\moc_mythread.cpp
e:\projects\om\upper computer operate\code\om\release\moc\moc_relaycontrol.cpp
e:\projects\om\upper computer operate\code\om\release\\rcc\qrc_om.cpp
e:\projects\om\upper computer operate\code\om\release\\uic\ui_om.h
e:\projects\om\upper computer operate\code\om\release\\uic\ui_relaycontrol.h
e:\projects\om\upper computer operate\code\om\release\moc_nipao.obj
e:\projects\om\upper computer operate\code\om\release\moc_tongqian.obj
e:\projects\om\upper computer operate\code\om\release\moc_tongyang.obj
e:\projects\om\upper computer operate\code\om\release\moc_zaoyan.obj
e:\projects\om\upper computer operate\code\om\release\moc_zaoyanc.obj
e:\projects\om\upper computer operate\code\om\release\moc_znmozu.obj
e:\projects\om\upper computer operate\code\om\release\nipao.obj
e:\projects\om\upper computer operate\code\om\release\tongqian.obj
e:\projects\om\upper computer operate\code\om\release\tongyang.obj
e:\projects\om\upper computer operate\code\om\release\zaoyan.obj
e:\projects\om\upper computer operate\code\om\release\zaoyanc.obj
e:\projects\om\upper computer operate\code\om\release\znmozu.obj
e:\projects\om\upper computer operate\code\om\release\om.tlog\cl.10896.write.1.tlog
e:\projects\om\upper computer operate\code\om\release\om.tlog\cl.command.1.tlog
e:\projects\om\upper computer operate\code\om\release\om.tlog\cl.read.1.tlog
e:\projects\om\upper computer operate\code\om\release\om.tlog\link.command.1.tlog
e:\projects\om\upper computer operate\code\om\release\om.tlog\link.read.1.tlog
e:\projects\om\upper computer operate\code\om\release\om.tlog\link.write.1.tlog
e:\projects\om\upper computer operate\code\om\release\om.tlog\moc.read.1u.tlog
e:\projects\om\upper computer operate\code\om\release\om.tlog\moc.write.1u.tlog
e:\projects\om\upper computer operate\code\om\release\om.tlog\om.write.1u.tlog
e:\projects\om\upper computer operate\code\om\release\om.tlog\rcc.read.1u.tlog
e:\projects\om\upper computer operate\code\om\release\om.tlog\rcc.write.1u.tlog
e:\projects\om\upper computer operate\code\om\release\om.tlog\uic.read.1u.tlog
e:\projects\om\upper computer operate\code\om\release\om.tlog\uic.write.1u.tlog
